<?xml version="1.0" encoding="UTF-8"?>
<!-- Generated by org.testng.reporters.JUnitXMLReporter -->
<testsuite hostname="YH1005912DT" ignored="0" name="Firefox Test" tests="1" failures="1" timestamp="14 Nov 2017 14:25:37 GMT" time="4.475" errors="0">
  <testcase name="loginintoApplication" time="0.001" classname="org.yash.poc.reusables.UdemyReusables">
    <failure type="java.lang.NullPointerException">
      <![CDATA[java.lang.NullPointerException
	at org.yash.poc.reusables.UdemyReusables.loginintoApplication(UdemyReusables.java:15)
	at java.util.concurrent.FutureTask.run(FutureTask.java:266)
	at java.util.concurrent.ThreadPoolExecutor.runWorker(ThreadPoolExecutor.java:1142)
	at java.util.concurrent.ThreadPoolExecutor$Worker.run(ThreadPoolExecutor.java:617)
	at java.lang.Thread.run(Thread.java:748)
... Removed 16 stack frames]]>
    </failure>
  </testcase> <!-- loginintoApplication -->
</testsuite> <!-- Firefox Test -->
