<?xml version="1.0" encoding="UTF-8"?>
<!-- Generated by org.testng.reporters.JUnitXMLReporter -->
<testsuite hostname="YH1005912DT" ignored="0" name="Regression for POC" tests="7" failures="1" timestamp="16 Nov 2017 11:27:36 GMT" time="200.177" errors="0">
  <testcase name="addCourseToWishlist" time="27.225" classname="com.yash.poc.executionengine.AddCourseToWishList">
    <failure type="org.openqa.selenium.NoSuchElementException" message="no such element: Unable to locate element: {&amp;quot;method&amp;quot;:&amp;quot;xpath&amp;quot;,&amp;quot;selector&amp;quot;:&amp;quot;//*[@id=&amp;apos;udemy&amp;apos;]/div[3]/div/div/div/div[3]/ul/li[1]/search-course-card-container/div/div/div[1]/a/img&amp;quot;}
  (Session info: chrome=61.0.3163.100)
  (Driver info: chromedriver=2.32.498550 (9dec58e66c31bcc53a9ce3c7226f0c1c5810906a),platform=Windows NT 10.0.14393 x86_64) (WARNING: The server did not provide any stacktrace information)
Command duration or timeout: 0 milliseconds
For documentation on this error, please visit: http://seleniumhq.org/exceptions/no_such_element.html
Build info: version: &amp;apos;3.6.0&amp;apos;, revision: &amp;apos;6fbf3ec767&amp;apos;, time: &amp;apos;2017-09-27T16:15:26.402Z&amp;apos;
System info: host: &amp;apos;YH1005912DT&amp;apos;, ip: &amp;apos;169.254.203.230&amp;apos;, os.name: &amp;apos;Windows 10&amp;apos;, os.arch: &amp;apos;amd64&amp;apos;, os.version: &amp;apos;10.0&amp;apos;, java.version: &amp;apos;1.8.0_131&amp;apos;
Driver info: org.openqa.selenium.chrome.ChromeDriver
Capabilities [{mobileEmulationEnabled=false, hasTouchScreen=false, platform=XP, acceptSslCerts=true, webStorageEnabled=true, browserName=chrome, takesScreenshot=true, javascriptEnabled=true, platformName=XP, setWindowRect=true, unexpectedAlertBehaviour=, applicationCacheEnabled=false, rotatable=false, networkConnectionEnabled=false, chrome={chromedriverVersion=2.32.498550 (9dec58e66c31bcc53a9ce3c7226f0c1c5810906a), userDataDir=C:\Users\SIDDIQ~1.MAH\AppData\Local\Temp\scoped_dir3176_20870}, takesHeapSnapshot=true, pageLoadStrategy=normal, unhandledPromptBehavior=, databaseEnabled=false, handlesAlerts=true, version=61.0.3163.100, browserConnectionEnabled=false, nativeEvents=true, locationContextEnabled=true, cssSelectorsEnabled=true}]
Session ID: a9da131c2e6717aa8c9ef9fcd9ab5158
*** Element info: {Using=xpath, value=//*[@id=&amp;apos;udemy&amp;apos;]/div[3]/div/div/div/div[3]/ul/li[1]/search-course-card-container/div/div/div[1]/a/img}">
      <![CDATA[org.openqa.selenium.NoSuchElementException: no such element: Unable to locate element: {"method":"xpath","selector":"//*[@id='udemy']/div[3]/div/div/div/div[3]/ul/li[1]/search-course-card-container/div/div/div[1]/a/img"}
  (Session info: chrome=61.0.3163.100)
  (Driver info: chromedriver=2.32.498550 (9dec58e66c31bcc53a9ce3c7226f0c1c5810906a),platform=Windows NT 10.0.14393 x86_64) (WARNING: The server did not provide any stacktrace information)
Command duration or timeout: 0 milliseconds
For documentation on this error, please visit: http://seleniumhq.org/exceptions/no_such_element.html
Build info: version: '3.6.0', revision: '6fbf3ec767', time: '2017-09-27T16:15:26.402Z'
System info: host: 'YH1005912DT', ip: '169.254.203.230', os.name: 'Windows 10', os.arch: 'amd64', os.version: '10.0', java.version: '1.8.0_131'
Driver info: org.openqa.selenium.chrome.ChromeDriver
Capabilities [{mobileEmulationEnabled=false, hasTouchScreen=false, platform=XP, acceptSslCerts=true, webStorageEnabled=true, browserName=chrome, takesScreenshot=true, javascriptEnabled=true, platformName=XP, setWindowRect=true, unexpectedAlertBehaviour=, applicationCacheEnabled=false, rotatable=false, networkConnectionEnabled=false, chrome={chromedriverVersion=2.32.498550 (9dec58e66c31bcc53a9ce3c7226f0c1c5810906a), userDataDir=C:\Users\SIDDIQ~1.MAH\AppData\Local\Temp\scoped_dir3176_20870}, takesHeapSnapshot=true, pageLoadStrategy=normal, unhandledPromptBehavior=, databaseEnabled=false, handlesAlerts=true, version=61.0.3163.100, browserConnectionEnabled=false, nativeEvents=true, locationContextEnabled=true, cssSelectorsEnabled=true}]
Session ID: a9da131c2e6717aa8c9ef9fcd9ab5158
*** Element info: {Using=xpath, value=//*[@id='udemy']/div[3]/div/div/div/div[3]/ul/li[1]/search-course-card-container/div/div/div[1]/a/img}
	at org.openqa.selenium.remote.ErrorHandler.createThrowable(ErrorHandler.java:214)
	at org.openqa.selenium.remote.ErrorHandler.throwIfResponseFailed(ErrorHandler.java:166)
	at org.openqa.selenium.remote.http.JsonHttpResponseCodec.reconstructValue(JsonHttpResponseCodec.java:40)
	at org.openqa.selenium.remote.http.AbstractHttpResponseCodec.decode(AbstractHttpResponseCodec.java:82)
	at org.openqa.selenium.remote.http.AbstractHttpResponseCodec.decode(AbstractHttpResponseCodec.java:45)
	at org.openqa.selenium.remote.HttpCommandExecutor.execute(HttpCommandExecutor.java:164)
	at org.openqa.selenium.remote.service.DriverCommandExecutor.execute(DriverCommandExecutor.java:83)
	at org.openqa.selenium.remote.RemoteWebDriver.execute(RemoteWebDriver.java:586)
	at org.openqa.selenium.remote.RemoteWebDriver.findElement(RemoteWebDriver.java:356)
	at org.openqa.selenium.remote.RemoteWebDriver.findElementByXPath(RemoteWebDriver.java:458)
	at org.openqa.selenium.By$ByXPath.findElement(By.java:361)
	at org.openqa.selenium.remote.RemoteWebDriver.findElement(RemoteWebDriver.java:348)
	at com.yash.poc.utils.UdemyReusables.udemyClickElement(UdemyReusables.java:103)
	at com.yash.poc.executionengine.AddCourseToWishList.addCourseToWishlist(AddCourseToWishList.java:39)
... Removed 29 stack frames]]>
    </failure>
  </testcase> <!-- addCourseToWishlist -->
  <testcase name="addCourseToCart" time="61.135" classname="com.yash.poc.executionengine.AddCourseToCart"/>
  <testcase name="inValidSingUp" time="31.388" classname="com.yash.poc.executionengine.SignUp"/>
  <testcase name="udemyInvalidUserSignin" time="28.772" classname="com.yash.poc.executionengine.LoginAndLogout"/>
  <testcase name="validSingUp" time="21.838" classname="com.yash.poc.executionengine.SignUp"/>
  <testcase name="udemyValidUserSignin" time="18.403" classname="com.yash.poc.executionengine.LoginAndLogout"/>
  <testcase name="logout" time="11.398" classname="com.yash.poc.executionengine.LoginAndLogout"/>
</testsuite> <!-- Regression for POC -->
