<?xml version="1.0" encoding="UTF-8"?>
<!-- Generated by org.testng.reporters.JUnitXMLReporter -->
<testsuite hostname="YH1005912DT" ignored="0" name="LoginAndLogout" tests="3" failures="0" timestamp="17 Nov 2017 11:55:54 GMT" time="68.231" errors="0">
  <testcase name="udemyInvalidUserSignin" time="36.831" classname="com.yash.poc.executionengine.LoginAndLogout"/>
  <testcase name="udemyValidUserSignin" time="18.679" classname="com.yash.poc.executionengine.LoginAndLogout"/>
  <testcase name="logout" time="12.704" classname="com.yash.poc.executionengine.LoginAndLogout"/>
</testsuite> <!-- LoginAndLogout -->
