<?xml version="1.0" encoding="UTF-8"?>
<!-- Generated by org.testng.reporters.JUnitXMLReporter -->
<testsuite hostname="YH1005912DT" ignored="0" name="Regression for POC" tests="7" failures="0" timestamp="16 Nov 2017 11:38:36 GMT" time="286.48" errors="0">
  <testcase name="addCourseToWishlist" time="87.129" classname="com.yash.poc.executionengine.AddCourseToWishList"/>
  <testcase name="addCourseToCart" time="87.983" classname="com.yash.poc.executionengine.AddCourseToCart"/>
  <testcase name="inValidSingUp" time="29.606" classname="com.yash.poc.executionengine.SignUp"/>
  <testcase name="udemyInvalidUserSignin" time="25.332" classname="com.yash.poc.executionengine.LoginAndLogout"/>
  <testcase name="validSingUp" time="22.042" classname="com.yash.poc.executionengine.SignUp"/>
  <testcase name="udemyValidUserSignin" time="17.857" classname="com.yash.poc.executionengine.LoginAndLogout"/>
  <testcase name="logout" time="16.514" classname="com.yash.poc.executionengine.LoginAndLogout"/>
</testsuite> <!-- Regression for POC -->
