<?xml version="1.0" encoding="UTF-8"?>
<!-- Generated by org.testng.reporters.JUnitXMLReporter -->
<testsuite hostname="YH1005912DT" ignored="0" name="Test" tests="1" failures="1" timestamp="14 Nov 2017 11:28:53 GMT" time="2.395" errors="0">
  <testcase name="loginverification" time="0.015" classname="org.yash.poc.executionengine.SignUp">
    <failure type="java.lang.NullPointerException">
      <![CDATA[java.lang.NullPointerException
	at org.yash.poc.reusables.AllReusablesUdemy.gotourl(AllReusablesUdemy.java:40)
	at org.yash.poc.executionengine.SignUp.loginverification(SignUp.java:25)
... Removed 25 stack frames]]>
    </failure>
  </testcase> <!-- loginverification -->
</testsuite> <!-- Test -->
