<?xml version="1.0" encoding="UTF-8"?>
<testng-results skipped="0" failed="1" ignored="0" total="7" passed="6">
  <reporter-output>
  </reporter-output>
  <suite name="EvertzPOC" duration-ms="325674" started-at="2017-11-22T15:32:26Z" finished-at="2017-11-22T15:37:52Z">
    <groups>
    </groups>
    <test name="SignUp" duration-ms="325674" started-at="2017-11-22T15:32:26Z" finished-at="2017-11-22T15:37:52Z">
      <class name="com.yash.poc.executionengine.SignUp">
        <test-method status="PASS" signature="inValidSingUp()[pri:0, instance:com.yash.poc.executionengine.SignUp@527740a2]" name="inValidSingUp" duration-ms="58345" started-at="2017-11-22T21:06:04Z" finished-at="2017-11-22T21:07:02Z">
          <reporter-output>
          </reporter-output>
        </test-method> <!-- inValidSingUp -->
        <test-method status="FAIL" signature="validSingUp()[pri:0, instance:com.yash.poc.executionengine.SignUp@527740a2]" name="validSingUp" duration-ms="11082" started-at="2017-11-22T21:07:02Z" finished-at="2017-11-22T21:07:13Z">
          <exception class="org.openqa.selenium.NoSuchElementException">
            <message>
              <![CDATA[no such element: Unable to locate element: {"method":"xpath","selector":"//*[@id='udemy']/div[2]/div[1]/div[4]/div[6]/div[1]/a/div/div/div"}
  (Session info: chrome=61.0.3163.100)
  (Driver info: chromedriver=2.32.498550 (9dec58e66c31bcc53a9ce3c7226f0c1c5810906a),platform=Windows NT 10.0.14393 x86_64) (WARNING: The server did not provide any stacktrace information)
Command duration or timeout: 0 milliseconds
For documentation on this error, please visit: http://seleniumhq.org/exceptions/no_such_element.html
Build info: version: '3.6.0', revision: '6fbf3ec767', time: '2017-09-27T16:15:26.402Z'
System info: host: 'YH1005912DT', ip: '169.254.203.230', os.name: 'Windows 10', os.arch: 'amd64', os.version: '10.0', java.version: '1.8.0_131'
Driver info: org.openqa.selenium.chrome.ChromeDriver
Capabilities [{mobileEmulationEnabled=false, hasTouchScreen=false, platform=XP, acceptSslCerts=true, webStorageEnabled=true, browserName=chrome, takesScreenshot=true, javascriptEnabled=true, platformName=XP, setWindowRect=true, unexpectedAlertBehaviour=, applicationCacheEnabled=false, rotatable=false, networkConnectionEnabled=false, chrome={chromedriverVersion=2.32.498550 (9dec58e66c31bcc53a9ce3c7226f0c1c5810906a), userDataDir=C:\Users\SIDDIQ~1.MAH\AppData\Local\Temp\scoped_dir7832_32037}, takesHeapSnapshot=true, pageLoadStrategy=normal, unhandledPromptBehavior=, databaseEnabled=false, handlesAlerts=true, version=61.0.3163.100, browserConnectionEnabled=false, nativeEvents=true, locationContextEnabled=true, cssSelectorsEnabled=true}]
Session ID: a8436dd370cdbc0bb083f15866c7cafa
*** Element info: {Using=xpath, value=//*[@id='udemy']/div[2]/div[1]/div[4]/div[6]/div[1]/a/div/div/div}]]>
            </message>
            <full-stacktrace>
              <![CDATA[org.openqa.selenium.NoSuchElementException: no such element: Unable to locate element: {"method":"xpath","selector":"//*[@id='udemy']/div[2]/div[1]/div[4]/div[6]/div[1]/a/div/div/div"}
  (Session info: chrome=61.0.3163.100)
  (Driver info: chromedriver=2.32.498550 (9dec58e66c31bcc53a9ce3c7226f0c1c5810906a),platform=Windows NT 10.0.14393 x86_64) (WARNING: The server did not provide any stacktrace information)
Command duration or timeout: 0 milliseconds
For documentation on this error, please visit: http://seleniumhq.org/exceptions/no_such_element.html
Build info: version: '3.6.0', revision: '6fbf3ec767', time: '2017-09-27T16:15:26.402Z'
System info: host: 'YH1005912DT', ip: '169.254.203.230', os.name: 'Windows 10', os.arch: 'amd64', os.version: '10.0', java.version: '1.8.0_131'
Driver info: org.openqa.selenium.chrome.ChromeDriver
Capabilities [{mobileEmulationEnabled=false, hasTouchScreen=false, platform=XP, acceptSslCerts=true, webStorageEnabled=true, browserName=chrome, takesScreenshot=true, javascriptEnabled=true, platformName=XP, setWindowRect=true, unexpectedAlertBehaviour=, applicationCacheEnabled=false, rotatable=false, networkConnectionEnabled=false, chrome={chromedriverVersion=2.32.498550 (9dec58e66c31bcc53a9ce3c7226f0c1c5810906a), userDataDir=C:\Users\SIDDIQ~1.MAH\AppData\Local\Temp\scoped_dir7832_32037}, takesHeapSnapshot=true, pageLoadStrategy=normal, unhandledPromptBehavior=, databaseEnabled=false, handlesAlerts=true, version=61.0.3163.100, browserConnectionEnabled=false, nativeEvents=true, locationContextEnabled=true, cssSelectorsEnabled=true}]
Session ID: a8436dd370cdbc0bb083f15866c7cafa
*** Element info: {Using=xpath, value=//*[@id='udemy']/div[2]/div[1]/div[4]/div[6]/div[1]/a/div/div/div}
	at sun.reflect.NativeConstructorAccessorImpl.newInstance0(Native Method)
	at sun.reflect.NativeConstructorAccessorImpl.newInstance(NativeConstructorAccessorImpl.java:62)
	at sun.reflect.DelegatingConstructorAccessorImpl.newInstance(DelegatingConstructorAccessorImpl.java:45)
	at java.lang.reflect.Constructor.newInstance(Constructor.java:423)
	at org.openqa.selenium.remote.ErrorHandler.createThrowable(ErrorHandler.java:214)
	at org.openqa.selenium.remote.ErrorHandler.throwIfResponseFailed(ErrorHandler.java:166)
	at org.openqa.selenium.remote.http.JsonHttpResponseCodec.reconstructValue(JsonHttpResponseCodec.java:40)
	at org.openqa.selenium.remote.http.AbstractHttpResponseCodec.decode(AbstractHttpResponseCodec.java:82)
	at org.openqa.selenium.remote.http.AbstractHttpResponseCodec.decode(AbstractHttpResponseCodec.java:45)
	at org.openqa.selenium.remote.HttpCommandExecutor.execute(HttpCommandExecutor.java:164)
	at org.openqa.selenium.remote.service.DriverCommandExecutor.execute(DriverCommandExecutor.java:83)
	at org.openqa.selenium.remote.RemoteWebDriver.execute(RemoteWebDriver.java:586)
	at org.openqa.selenium.remote.RemoteWebDriver.findElement(RemoteWebDriver.java:356)
	at org.openqa.selenium.remote.RemoteWebDriver.findElementByXPath(RemoteWebDriver.java:458)
	at org.openqa.selenium.By$ByXPath.findElement(By.java:361)
	at org.openqa.selenium.remote.RemoteWebDriver.findElement(RemoteWebDriver.java:348)
	at com.yash.poc.utils.UdemyReusables.logoutFromAccount(UdemyReusables.java:250)
	at com.yash.poc.executionengine.SignUp.validSingUp(SignUp.java:88)
	at sun.reflect.NativeMethodAccessorImpl.invoke0(Native Method)
	at sun.reflect.NativeMethodAccessorImpl.invoke(NativeMethodAccessorImpl.java:62)
	at sun.reflect.DelegatingMethodAccessorImpl.invoke(DelegatingMethodAccessorImpl.java:43)
	at java.lang.reflect.Method.invoke(Method.java:498)
	at org.testng.internal.MethodInvocationHelper.invokeMethod(MethodInvocationHelper.java:108)
	at org.testng.internal.Invoker.invokeMethod(Invoker.java:661)
	at org.testng.internal.Invoker.invokeTestMethod(Invoker.java:869)
	at org.testng.internal.Invoker.invokeTestMethods(Invoker.java:1193)
	at org.testng.internal.TestMethodWorker.invokeTestMethods(TestMethodWorker.java:126)
	at org.testng.internal.TestMethodWorker.run(TestMethodWorker.java:109)
	at org.testng.TestRunner.privateRun(TestRunner.java:744)
	at org.testng.TestRunner.run(TestRunner.java:602)
	at org.testng.SuiteRunner.runTest(SuiteRunner.java:380)
	at org.testng.SuiteRunner.runSequentially(SuiteRunner.java:375)
	at org.testng.SuiteRunner.privateRun(SuiteRunner.java:340)
	at org.testng.SuiteRunner.run(SuiteRunner.java:289)
	at org.testng.SuiteRunnerWorker.runSuite(SuiteRunnerWorker.java:52)
	at org.testng.SuiteRunnerWorker.run(SuiteRunnerWorker.java:86)
	at org.testng.TestNG.runSuitesSequentially(TestNG.java:1301)
	at org.testng.TestNG.runSuitesLocally(TestNG.java:1226)
	at org.testng.TestNG.runSuites(TestNG.java:1144)
	at org.testng.TestNG.run(TestNG.java:1115)
	at org.testng.remote.AbstractRemoteTestNG.run(AbstractRemoteTestNG.java:132)
	at org.testng.remote.RemoteTestNG.initAndRun(RemoteTestNG.java:230)
	at org.testng.remote.RemoteTestNG.main(RemoteTestNG.java:76)
]]>
            </full-stacktrace>
          </exception> <!-- org.openqa.selenium.NoSuchElementException -->
          <reporter-output>
          </reporter-output>
        </test-method> <!-- validSingUp -->
      </class> <!-- com.yash.poc.executionengine.SignUp -->
      <class name="com.yash.poc.executionengine.AddCourseToCart">
        <test-method status="PASS" signature="addCourseToCart()[pri:0, instance:com.yash.poc.executionengine.AddCourseToCart@6b09bb57]" name="addCourseToCart" duration-ms="80354" started-at="2017-11-22T21:02:26Z" finished-at="2017-11-22T21:03:47Z">
          <reporter-output>
          </reporter-output>
        </test-method> <!-- addCourseToCart -->
      </class> <!-- com.yash.poc.executionengine.AddCourseToCart -->
      <class name="com.yash.poc.executionengine.AddCourseToWishList">
        <test-method status="PASS" signature="addCourseToWishlist()[pri:0, instance:com.yash.poc.executionengine.AddCourseToWishList@63753b6d]" name="addCourseToWishlist" duration-ms="88056" started-at="2017-11-22T21:03:47Z" finished-at="2017-11-22T21:05:15Z">
          <reporter-output>
          </reporter-output>
        </test-method> <!-- addCourseToWishlist -->
      </class> <!-- com.yash.poc.executionengine.AddCourseToWishList -->
      <class name="com.yash.poc.executionengine.LoginAndLogout">
        <test-method status="PASS" signature="udemyInvalidUserSignin()[pri:0, instance:com.yash.poc.executionengine.LoginAndLogout@370736d9]" name="udemyInvalidUserSignin" duration-ms="49170" started-at="2017-11-22T21:05:15Z" finished-at="2017-11-22T21:06:04Z">
          <reporter-output>
          </reporter-output>
        </test-method> <!-- udemyInvalidUserSignin -->
        <test-method status="PASS" signature="udemyValidUserSignin()[pri:0, instance:com.yash.poc.executionengine.LoginAndLogout@370736d9]" name="udemyValidUserSignin" duration-ms="19547" started-at="2017-11-22T21:07:13Z" depends-on-methods="com.yash.poc.executionengine.LoginAndLogout.udemyInvalidUserSignin" finished-at="2017-11-22T21:07:33Z">
          <reporter-output>
          </reporter-output>
        </test-method> <!-- udemyValidUserSignin -->
        <test-method status="PASS" signature="logout()[pri:0, instance:com.yash.poc.executionengine.LoginAndLogout@370736d9]" name="logout" duration-ms="19090" started-at="2017-11-22T21:07:33Z" depends-on-methods="com.yash.poc.executionengine.LoginAndLogout.udemyValidUserSignin" finished-at="2017-11-22T21:07:52Z">
          <reporter-output>
          </reporter-output>
        </test-method> <!-- logout -->
      </class> <!-- com.yash.poc.executionengine.LoginAndLogout -->
    </test> <!-- SignUp -->
  </suite> <!-- EvertzPOC -->
</testng-results>
